{"message":"MongoDB Connected...","level":"info"}
{"message":"MongoDB Connected...","level":"info"}
{"message":"MongoDB Connected...","level":"info"}
{"message":"MongoDB Connected...","level":"info","service":"user-service"}
info: MongoDB Connected... {"service":"user-service"}
info: Server Running at 5000
info: MongoDB Connected...
info: Server Running at 5000
info: MongoDB Connected...
info: Server Running at 5000
info: MongoDB Connected...
info: Server Running at 5000
info: MongoDB Connected...
info: Server Running at 5000
info: MongoDB Connected...
info: Server Running at 5000
info: MongoDB Connected...
info: Server Running at 5000
info: MongoDB Connected...
info: Server Running at 5000
info: MongoDB Connected...
info: Server Running at 5000
info: MongoDB Connected...
info: Server Running at 5000
info: MongoDB Connected...
info: Server Running at 5000
info: MongoDB Connected...
info: Server Running at 5000
info: MongoDB Connected...
info: Server Running at 5000
info: MongoDB Connected...
info: Server Running at 5000
info: MongoDB Connected...
info: Server Running at 5000
info: MongoDB Connected...
info: Server Running at 5000
info: MongoDB Connected...
info: Server Running at 5000
info: MongoDB Connected...
info: Server Running at 5000
info: MongoDB Connected...
info: Server Running at 5000
info: MongoDB Connected...
info: Server Running at 5000
info: MongoDB Connected...
info: Server Running at 5000
info: MongoDB Connected...
info: Server Running at 5000
info: MongoDB Connected...
info: Server Running at 5000
info: MongoDB Connected...
info: Server Running at 5000
info: MongoDB Connected...
info: Server Running at 5000
info: MongoDB Connected...
info: Server Running at 5000
info: MongoDB Connected...
info: Server Running at 5000
info: MongoDB Connected...
info: Server Running at 5000
info: MongoDB Connected...
info: Server Running at 5000
info: MongoDB Connected...
info: Server Running at 5000
info: Server Running at 5000
info: MongoDB Connected...
info: Server Running at 5000
info: MongoDB Connected...
